# JRE version: OpenJDK Runtime Environment (7.0_55-b14) (build 1.7.0_55-b14)
# Java VM: OpenJDK Server VM (24.51-b03 mixed mode linux-x86 )
Heap
 PSYoungGen      total 57344K, used 6064K [0xa8780000, 0xac880000, 0xb3240000)
  eden space 49664K, 0% used [0xa8780000,0xa8780000,0xab800000)
  from space 7680K, 78% used [0xab800000,0xabdec030,0xabf80000)
  to   space 6144K, 0% used [0xabf80000,0xabf80000,0xac580000)
 ParOldGen       total 21504K, used 18548K [0x93240000, 0x94740000, 0xa8780000)
  object space 21504K, 86% used [0x93240000,0x9445d050,0x94740000)
 PSPermGen       total 16384K, used 7224K [0x8b240000, 0x8c240000, 0x93240000)
  object space 16384K, 44% used [0x8b240000,0x8b94e1b0,0x8c240000)
GC Heap History (10 events):
Event: 24.517 GC heap after
Heap after GC invocations=6 (full 0):
 PSYoungGen      total 18944K, used 2242K [0xa8780000, 0xa9c80000, 0xb3240000)
  eden space 16384K, 0% used [0xa8780000,0xa8780000,0xa9780000)
  from space 2560K, 87% used [0xa9a00000,0xa9c30950,0xa9c80000)
  to   space 2560K, 0% used [0xa9780000,0xa9780000,0xa9a00000)
 ParOldGen       total 21504K, used 4608K [0x93240000, 0x94740000, 0xa8780000)
  object space 21504K, 21% used [0x93240000,0x936c00b0,0x94740000)
 PSPermGen       total 16384K, used 7219K [0x8b240000, 0x8c240000, 0x93240000)
  object space 16384K, 44% used [0x8b240000,0x8b94ce90,0x8c240000)
}
Event: 26.771 GC heap before
{Heap before GC invocations=7 (full 0):
 PSYoungGen      total 18944K, used 18626K [0xa8780000, 0xa9c80000, 0xb3240000)
  eden space 16384K, 100% used [0xa8780000,0xa9780000,0xa9780000)
  from space 2560K, 87% used [0xa9a00000,0xa9c30950,0xa9c80000)
  to   space 2560K, 0% used [0xa9780000,0xa9780000,0xa9a00000)
 ParOldGen       total 21504K, used 4608K [0x93240000, 0x94740000, 0xa8780000)
  object space 21504K, 21% used [0x93240000,0x936c00b0,0x94740000)
 PSPermGen       total 16384K, used 7221K [0x8b240000, 0x8c240000, 0x93240000)
  object space 16384K, 44% used [0x8b240000,0x8b94d7a8,0x8c240000)
Event: 26.856 GC heap after
Heap after GC invocations=7 (full 0):
 PSYoungGen      total 18944K, used 2544K [0xa8780000, 0xaae80000, 0xb3240000)
  eden space 16384K, 0% used [0xa8780000,0xa8780000,0xa9780000)
  from space 2560K, 99% used [0xa9780000,0xa99fc010,0xa9a00000)
  to   space 3584K, 0% used [0xaab00000,0xaab00000,0xaae80000)
 ParOldGen       total 21504K, used 6308K [0x93240000, 0x94740000, 0xa8780000)
  object space 21504K, 29% used [0x93240000,0x93869020,0x94740000)
 PSPermGen       total 16384K, used 7221K [0x8b240000, 0x8c240000, 0x93240000)
  object space 16384K, 44% used [0x8b240000,0x8b94d7a8,0x8c240000)
}
Event: 27.457 GC heap before
{Heap before GC invocations=8 (full 0):
 PSYoungGen      total 18944K, used 18928K [0xa8780000, 0xaae80000, 0xb3240000)
  eden space 16384K, 100% used [0xa8780000,0xa9780000,0xa9780000)
  from space 2560K, 99% used [0xa9780000,0xa99fc010,0xa9a00000)
  to   space 3584K, 0% used [0xaab00000,0xaab00000,0xaae80000)
 ParOldGen       total 21504K, used 6308K [0x93240000, 0x94740000, 0xa8780000)
  object space 21504K, 29% used [0x93240000,0x93869020,0x94740000)
 PSPermGen       total 16384K, used 7221K [0x8b240000, 0x8c240000, 0x93240000)
  object space 16384K, 44% used [0x8b240000,0x8b94d7a8,0x8c240000)
Event: 27.551 GC heap after
Heap after GC invocations=8 (full 0):
 PSYoungGen      total 35584K, used 3576K [0xa8780000, 0xab000000, 0xb3240000)
  eden space 32000K, 0% used [0xa8780000,0xa8780000,0xaa6c0000)
  from space 3584K, 99% used [0xaab00000,0xaae7e020,0xaae80000)
  to   space 4352K, 0% used [0xaa6c0000,0xaa6c0000,0xaab00000)
 ParOldGen       total 21504K, used 7036K [0x93240000, 0x94740000, 0xa8780000)
  object space 21504K, 32% used [0x93240000,0x9391f020,0x94740000)
 PSPermGen       total 16384K, used 7221K [0x8b240000, 0x8c240000, 0x93240000)
  object space 16384K, 44% used [0x8b240000,0x8b94d7a8,0x8c240000)
}
Event: 29.203 GC heap before
{Heap before GC invocations=9 (full 0):
 PSYoungGen      total 35584K, used 35576K [0xa8780000, 0xab000000, 0xb3240000)
  eden space 32000K, 100% used [0xa8780000,0xaa6c0000,0xaa6c0000)
  from space 3584K, 99% used [0xaab00000,0xaae7e020,0xaae80000)
  to   space 4352K, 0% used [0xaa6c0000,0xaa6c0000,0xaab00000)
 ParOldGen       total 21504K, used 7036K [0x93240000, 0x94740000, 0xa8780000)
  object space 21504K, 32% used [0x93240000,0x9391f020,0x94740000)
 PSPermGen       total 16384K, used 7222K [0x8b240000, 0x8c240000, 0x93240000)
  object space 16384K, 44% used [0x8b240000,0x8b94d8b0,0x8c240000)
Event: 29.317 GC heap after
Heap after GC invocations=9 (full 0):
 PSYoungGen      total 36352K, used 4336K [0xa8780000, 0xac580000, 0xb3240000)
  eden space 32000K, 0% used [0xa8780000,0xa8780000,0xaa6c0000)
  from space 4352K, 99% used [0xaa6c0000,0xaaafc010,0xaab00000)
  to   space 6144K, 0% used [0xabf80000,0xabf80000,0xac580000)
 ParOldGen       total 21504K, used 10100K [0x93240000, 0x94740000, 0xa8780000)
  object space 21504K, 46% used [0x93240000,0x93c1d040,0x94740000)
 PSPermGen       total 16384K, used 7222K [0x8b240000, 0x8c240000, 0x93240000)
  object space 16384K, 44% used [0x8b240000,0x8b94d8b0,0x8c240000)
}
Event: 30.563 GC heap before
{Heap before GC invocations=10 (full 0):
 PSYoungGen      total 36352K, used 36336K [0xa8780000, 0xac580000, 0xb3240000)
  eden space 32000K, 100% used [0xa8780000,0xaa6c0000,0xaa6c0000)
  from space 4352K, 99% used [0xaa6c0000,0xaaafc010,0xaab00000)
  to   space 6144K, 0% used [0xabf80000,0xabf80000,0xac580000)
 ParOldGen       total 21504K, used 10100K [0x93240000, 0x94740000, 0xa8780000)
  object space 21504K, 46% used [0x93240000,0x93c1d040,0x94740000)
 PSPermGen       total 16384K, used 7222K [0x8b240000, 0x8c240000, 0x93240000)
  object space 16384K, 44% used [0x8b240000,0x8b94db28,0x8c240000)
Event: 30.756 GC heap after
Heap after GC invocations=10 (full 0):
 PSYoungGen      total 55808K, used 6136K [0xa8780000, 0xac880000, 0xb3240000)
  eden space 49664K, 0% used [0xa8780000,0xa8780000,0xab800000)
  from space 6144K, 99% used [0xabf80000,0xac57e020,0xac580000)
  to   space 7680K, 0% used [0xab800000,0xab800000,0xabf80000)
 ParOldGen       total 21504K, used 12436K [0x93240000, 0x94740000, 0xa8780000)
  object space 21504K, 57% used [0x93240000,0x93e65050,0x94740000)
 PSPermGen       total 16384K, used 7222K [0x8b240000, 0x8c240000, 0x93240000)
  object space 16384K, 44% used [0x8b240000,0x8b94db28,0x8c240000)
}
Event: 35.913 GC heap before
{Heap before GC invocations=11 (full 0):
 PSYoungGen      total 55808K, used 55800K [0xa8780000, 0xac880000, 0xb3240000)
  eden space 49664K, 100% used [0xa8780000,0xab800000,0xab800000)
  from space 6144K, 99% used [0xabf80000,0xac57e020,0xac580000)
  to   space 7680K, 0% used [0xab800000,0xab800000,0xabf80000)
 ParOldGen       total 21504K, used 12436K [0x93240000, 0x94740000, 0xa8780000)
  object space 21504K, 57% used [0x93240000,0x93e65050,0x94740000)
 PSPermGen       total 16384K, used 7224K [0x8b240000, 0x8c240000, 0x93240000)
  object space 16384K, 44% used [0x8b240000,0x8b94e1b0,0x8c240000)

