# JRE version: OpenJDK Runtime Environment (7.0_55-b14) (build 1.7.0_55-b14)
# Java VM: OpenJDK Server VM (24.51-b03 mixed mode linux-x86 )
Heap
 PSYoungGen      total 70912K, used 6136K [0xa8840000, 0xad440000, 0xb3300000)
  eden space 64768K, 0% used [0xa8840000,0xa8840000,0xac780000)
  from space 6144K, 99% used [0xac780000,0xacd7e020,0xacd80000)
  to   space 5376K, 0% used [0xacd80000,0xacd80000,0xad2c0000)
 ParOldGen       total 21504K, used 16246K [0x93300000, 0x94800000, 0xa8840000)
  object space 21504K, 75% used [0x93300000,0x942dd840,0x94800000)
 PSPermGen       total 16384K, used 7222K [0x8b300000, 0x8c300000, 0x93300000)
  object space 16384K, 44% used [0x8b300000,0x8ba0dbe8,0x8c300000)
GC Heap History (10 events):
Event: 5.686 GC heap after
Heap after GC invocations=2 (full 0):
 PSYoungGen      total 17664K, used 1278K [0xa8840000, 0xa9ac0000, 0xb3300000)
  eden space 16384K, 0% used [0xa8840000,0xa8840000,0xa9840000)
  from space 1280K, 99% used [0xa9980000,0xa9abf8f8,0xa9ac0000)
  to   space 1280K, 0% used [0xa9840000,0xa9840000,0xa9980000)
 ParOldGen       total 21504K, used 1391K [0x93300000, 0x94800000, 0xa8840000)
  object space 21504K, 6% used [0x93300000,0x9345bd58,0x94800000)
 PSPermGen       total 16384K, used 5365K [0x8b300000, 0x8c300000, 0x93300000)
  object space 16384K, 32% used [0x8b300000,0x8b83d530,0x8c300000)
}
Event: 17.079 GC heap before
{Heap before GC invocations=3 (full 0):
 PSYoungGen      total 17664K, used 17662K [0xa8840000, 0xa9ac0000, 0xb3300000)
  eden space 16384K, 100% used [0xa8840000,0xa9840000,0xa9840000)
  from space 1280K, 99% used [0xa9980000,0xa9abf8f8,0xa9ac0000)
  to   space 1280K, 0% used [0xa9840000,0xa9840000,0xa9980000)
 ParOldGen       total 21504K, used 1391K [0x93300000, 0x94800000, 0xa8840000)
  object space 21504K, 6% used [0x93300000,0x9345bd58,0x94800000)
 PSPermGen       total 16384K, used 7214K [0x8b300000, 0x8c300000, 0x93300000)
  object space 16384K, 44% used [0x8b300000,0x8ba0bb28,0x8c300000)
Event: 17.281 GC heap after
Heap after GC invocations=3 (full 0):
 PSYoungGen      total 17664K, used 1266K [0xa8840000, 0xaaac0000, 0xb3300000)
  eden space 16384K, 0% used [0xa8840000,0xa8840000,0xa9840000)
  from space 1280K, 98% used [0xa9840000,0xa997c9d0,0xa9980000)
  to   space 1280K, 0% used [0xaa980000,0xaa980000,0xaaac0000)
 ParOldGen       total 21504K, used 3508K [0x93300000, 0x94800000, 0xa8840000)
  object space 21504K, 16% used [0x93300000,0x9366d218,0x94800000)
 PSPermGen       total 16384K, used 7214K [0x8b300000, 0x8c300000, 0x93300000)
  object space 16384K, 44% used [0x8b300000,0x8ba0bb28,0x8c300000)
}
Event: 21.007 GC heap before
{Heap before GC invocations=4 (full 0):
 PSYoungGen      total 17664K, used 17650K [0xa8840000, 0xaaac0000, 0xb3300000)
  eden space 16384K, 100% used [0xa8840000,0xa9840000,0xa9840000)
  from space 1280K, 98% used [0xa9840000,0xa997c9d0,0xa9980000)
  to   space 1280K, 0% used [0xaa980000,0xaa980000,0xaaac0000)
 ParOldGen       total 21504K, used 3508K [0x93300000, 0x94800000, 0xa8840000)
  object space 21504K, 16% used [0x93300000,0x9366d218,0x94800000)
 PSPermGen       total 16384K, used 7219K [0x8b300000, 0x8c300000, 0x93300000)
  object space 16384K, 44% used [0x8b300000,0x8ba0cfe0,0x8c300000)
Event: 21.113 GC heap after
Heap after GC invocations=4 (full 0):
 PSYoungGen      total 34048K, used 1274K [0xa8840000, 0xaaac0000, 0xb3300000)
  eden space 32768K, 0% used [0xa8840000,0xa8840000,0xaa840000)
  from space 1280K, 99% used [0xaa980000,0xaaabe930,0xaaac0000)
  to   space 1280K, 0% used [0xaa840000,0xaa840000,0xaa980000)
 ParOldGen       total 21504K, used 5414K [0x93300000, 0x94800000, 0xa8840000)
  object space 21504K, 25% used [0x93300000,0x93849b80,0x94800000)
 PSPermGen       total 16384K, used 7219K [0x8b300000, 0x8c300000, 0x93300000)
  object space 16384K, 44% used [0x8b300000,0x8ba0cfe0,0x8c300000)
}
Event: 22.883 GC heap before
{Heap before GC invocations=5 (full 0):
 PSYoungGen      total 34048K, used 34042K [0xa8840000, 0xaaac0000, 0xb3300000)
  eden space 32768K, 100% used [0xa8840000,0xaa840000,0xaa840000)
  from space 1280K, 99% used [0xaa980000,0xaaabe930,0xaaac0000)
  to   space 1280K, 0% used [0xaa840000,0xaa840000,0xaa980000)
 ParOldGen       total 21504K, used 5414K [0x93300000, 0x94800000, 0xa8840000)
  object space 21504K, 25% used [0x93300000,0x93849b80,0x94800000)
 PSPermGen       total 16384K, used 7222K [0x8b300000, 0x8c300000, 0x93300000)
  object space 16384K, 44% used [0x8b300000,0x8ba0d8f8,0x8c300000)
Event: 22.968 GC heap after
Heap after GC invocations=5 (full 0):
 PSYoungGen      total 34048K, used 1274K [0xa8840000, 0xad2c0000, 0xb3300000)
  eden space 32768K, 0% used [0xa8840000,0xa8840000,0xaa840000)
  from space 1280K, 99% used [0xaa840000,0xaa97e930,0xaa980000)
  to   space 5376K, 0% used [0xacd80000,0xacd80000,0xad2c0000)
 ParOldGen       total 21504K, used 9250K [0x93300000, 0x94800000, 0xa8840000)
  object space 21504K, 43% used [0x93300000,0x93c08bb0,0x94800000)
 PSPermGen       total 16384K, used 7222K [0x8b300000, 0x8c300000, 0x93300000)
  object space 16384K, 44% used [0x8b300000,0x8ba0d8f8,0x8c300000)
}
Event: 24.108 GC heap before
{Heap before GC invocations=6 (full 0):
 PSYoungGen      total 34048K, used 34042K [0xa8840000, 0xad2c0000, 0xb3300000)
  eden space 32768K, 100% used [0xa8840000,0xaa840000,0xaa840000)
  from space 1280K, 99% used [0xaa840000,0xaa97e930,0xaa980000)
  to   space 5376K, 0% used [0xacd80000,0xacd80000,0xad2c0000)
 ParOldGen       total 21504K, used 9250K [0x93300000, 0x94800000, 0xa8840000)
  object space 21504K, 43% used [0x93300000,0x93c08bb0,0x94800000)
 PSPermGen       total 16384K, used 7222K [0x8b300000, 0x8c300000, 0x93300000)
  object space 16384K, 44% used [0x8b300000,0x8ba0da00,0x8c300000)
Event: 24.211 GC heap after
Heap after GC invocations=6 (full 0):
 PSYoungGen      total 70144K, used 5210K [0xa8840000, 0xad440000, 0xb3300000)
  eden space 64768K, 0% used [0xa8840000,0xa8840000,0xac780000)
  from space 5376K, 96% used [0xacd80000,0xad296950,0xad2c0000)
  to   space 6144K, 0% used [0xac780000,0xac780000,0xacd80000)
 ParOldGen       total 21504K, used 9250K [0x93300000, 0x94800000, 0xa8840000)
  object space 21504K, 43% used [0x93300000,0x93c08bb0,0x94800000)
 PSPermGen       total 16384K, used 7222K [0x8b300000, 0x8c300000, 0x93300000)
  object space 16384K, 44% used [0x8b300000,0x8ba0da00,0x8c300000)
}
Event: 30.123 GC heap before
{Heap before GC invocations=7 (full 0):
 PSYoungGen      total 70144K, used 69978K [0xa8840000, 0xad440000, 0xb3300000)
  eden space 64768K, 100% used [0xa8840000,0xac780000,0xac780000)
  from space 5376K, 96% used [0xacd80000,0xad296950,0xad2c0000)
  to   space 6144K, 0% used [0xac780000,0xac780000,0xacd80000)
 ParOldGen       total 21504K, used 9250K [0x93300000, 0x94800000, 0xa8840000)
  object space 21504K, 43% used [0x93300000,0x93c08bb0,0x94800000)
 PSPermGen       total 16384K, used 7222K [0x8b300000, 0x8c300000, 0x93300000)
  object space 16384K, 44% used [0x8b300000,0x8ba0dbe8,0x8c300000)

